<?xml version="1.0" encoding="UTF-8"?>
<testsuite xmlns:xsi="http://www.w3.org/2001/XMLSchema-instance" xsi:noNamespaceSchemaLocation="https://maven.apache.org/surefire/maven-surefire-plugin/xsd/surefire-test-report.xsd" version="3.0.1" name="runner.TestRunner" time="133.298" tests="12" errors="0" skipped="0" failures="0">
  <properties>
[...]
</properties>
  <testcase name="Login with valid credentials #1" classname="Login Functionality" time="24.155">
    <system-out><![CDATA[
Scenario: Login with valid credentials                                                # src/test/resources/features/Login.feature:11
  ✔ Given User has navigated to login page                                            # stepDefinitions.Login.user_has_navigated_to_login_page()
  ✔ When User has entered valid email address panchahardik@gmail.com into email field # stepDefinitions.Login.user_has_entered_valid_email_address_into_email_field(java.lang.String)
  ✔ And User has entred valid password qwerty into password field                     # stepDefinitions.Login.user_has_entred_valid_password_into_password_field(java.lang.String)
  ✔ And User clicks on Login button                                                   # stepDefinitions.Login.user_clicks_on_login_button()
  ✔ Then User should get successfully logged in                                       # stepDefinitions.Login.user_should_get_successfully_logged_in()

        Embedding Login_with_valid_credentials [image/png 157395 bytes]

]]></system-out>
    <system-err><![CDATA[Jan 22, 2026 9:47:17 P.M. org.openqa.selenium.devtools.CdpVersionFinder findNearestMatch
WARNING: Unable to find an exact match for CDP version 144, returning the closest version; found: 143; Please update to a Selenium version that supports CDP version 144
]]></system-err>
  </testcase>
  <testcase name="Login with valid credentials #2" classname="Login Functionality" time="9.122">
    <system-out><![CDATA[
Scenario: Login with valid credentials                                                # src/test/resources/features/Login.feature:12
  ✔ Given User has navigated to login page                                            # stepDefinitions.Login.user_has_navigated_to_login_page()
  ✔ When User has entered valid email address hardikpancha@gmail.com into email field # stepDefinitions.Login.user_has_entered_valid_email_address_into_email_field(java.lang.String)
  ✔ And User has entred valid password 123abc into password field                     # stepDefinitions.Login.user_has_entred_valid_password_into_password_field(java.lang.String)
  ✔ And User clicks on Login button                                                   # stepDefinitions.Login.user_clicks_on_login_button()
  ✔ Then User should get successfully logged in                                       # stepDefinitions.Login.user_should_get_successfully_logged_in()

        Embedding Login_with_valid_credentials [image/png 157395 bytes]

]]></system-out>
    <system-err><![CDATA[Jan 22, 2026 9:47:32 P.M. org.openqa.selenium.devtools.CdpVersionFinder findNearestMatch
WARNING: Unable to find an exact match for CDP version 144, returning the closest version; found: 143; Please update to a Selenium version that supports CDP version 144
]]></system-err>
  </testcase>
  <testcase name="Login with invalid credentials" classname="Login Functionality" time="8.517">
    <system-out><![CDATA[
Scenario: Login with invalid credentials                                 # src/test/resources/features/Login.feature:14
  ✔ Given User has navigated to login page                               # stepDefinitions.Login.user_has_navigated_to_login_page()
  ✔ When User has entered invalid email address into email field         # stepDefinitions.Login.user_has_entered_invalid_email_address_into_email_field()
  ✔ And User has entred invalid password "1234dsfs5" into password field # stepDefinitions.Login.user_has_entred_invalid_password_into_password_field(java.lang.String)
  ✔ And User clicks on Login button                                      # stepDefinitions.Login.user_clicks_on_login_button()
  ✔ Then User gets a proper warning message about credential mismatch    # stepDefinitions.Login.user_gets_a_proper_warning_message_about_credential_mismatch()

        Embedding Login_with_invalid_credentials [image/png 172272 bytes]

]]></system-out>
    <system-err><![CDATA[Jan 22, 2026 9:47:40 P.M. org.openqa.selenium.devtools.CdpVersionFinder findNearestMatch
WARNING: Unable to find an exact match for CDP version 144, returning the closest version; found: 143; Please update to a Selenium version that supports CDP version 144
]]></system-err>
  </testcase>
  <testcase name="Login with valid email and invalid password" classname="Login Functionality" time="10.253">
    <system-out><![CDATA[
Scenario: Login with valid email and invalid password                                   # src/test/resources/features/Login.feature:21
  ✔ Given User has navigated to login page                                              # stepDefinitions.Login.user_has_navigated_to_login_page()
  ✔ When User has entered valid email address "hardikpancha@gmail.com" into email field # stepDefinitions.Login.user_has_entered_valid_email_address_into_email_field(java.lang.String)
  ✔ And User has entred invalid password "12345asas" into password field                # stepDefinitions.Login.user_has_entred_invalid_password_into_password_field(java.lang.String)
  ✔ And User clicks on Login button                                                     # stepDefinitions.Login.user_clicks_on_login_button()
  ✔ Then User gets a proper warning message about credential mismatch                   # stepDefinitions.Login.user_gets_a_proper_warning_message_about_credential_mismatch()

        Embedding Login_with_valid_email_and_invalid_password [image/png 168429 bytes]

]]></system-out>
    <system-err><![CDATA[Jan 22, 2026 9:47:50 P.M. org.openqa.selenium.devtools.CdpVersionFinder findNearestMatch
WARNING: Unable to find an exact match for CDP version 144, returning the closest version; found: 143; Please update to a Selenium version that supports CDP version 144
]]></system-err>
  </testcase>
  <testcase name="Login with invalid email and valid password" classname="Login Functionality" time="10.772">
    <system-out><![CDATA[
Scenario: Login with invalid email and valid password                 # src/test/resources/features/Login.feature:28
  ✔ Given User has navigated to login page                            # stepDefinitions.Login.user_has_navigated_to_login_page()
  ✔ When User has entered invalid email address into email field      # stepDefinitions.Login.user_has_entered_invalid_email_address_into_email_field()
  ✔ And User has entred valid password "123abc" into password field   # stepDefinitions.Login.user_has_entred_valid_password_into_password_field(java.lang.String)
  ✔ And User clicks on Login button                                   # stepDefinitions.Login.user_clicks_on_login_button()
  ✔ Then User gets a proper warning message about credential mismatch # stepDefinitions.Login.user_gets_a_proper_warning_message_about_credential_mismatch()

        Embedding Login_with_invalid_email_and_valid_password [image/png 172449 bytes]

]]></system-out>
    <system-err><![CDATA[Jan 22, 2026 9:48:00 P.M. org.openqa.selenium.devtools.CdpVersionFinder findNearestMatch
WARNING: Unable to find an exact match for CDP version 144, returning the closest version; found: 143; Please update to a Selenium version that supports CDP version 144
]]></system-err>
  </testcase>
  <testcase name="Create an account with mandatory fileds:" classname="Registration functionality" time="11.437">
    <system-out><![CDATA[
Scenario: Create an account with mandatory fileds:    # src/test/resources/features/Register.feature:3
  ✔ Given User navigates to the Register Account page # stepDefinitions.Register.user_navigates_to_the_register_account_page()
  ✔ When User enters the details into below fields    # stepDefinitions.Register.user_enters_the_details_into_below_fields(io.cucumber.datatable.DataTable)
      | firstname | Hardik     |
      | lastname  | Pancha     |
      | telephone | 1234567890 |
      | password  | 12644      |
  ✔ And User selects Privacy Policy                   # stepDefinitions.Register.user_selects_privacy_policy()
  ✔ And User clicks on Continue button                # stepDefinitions.Register.user_clicks_on_continue_button()
  ✔ Then User account should be created successfully  # stepDefinitions.Register.user_account_should_be_created_successfully()

        Embedding Create_an_account_with_mandatory_fileds: [image/png 173970 bytes]

]]></system-out>
    <system-err><![CDATA[Jan 22, 2026 9:48:10 P.M. org.openqa.selenium.devtools.CdpVersionFinder findNearestMatch
WARNING: Unable to find an exact match for CDP version 144, returning the closest version; found: 143; Please update to a Selenium version that supports CDP version 144
]]></system-err>
  </testcase>
  <testcase name="Create an account with all fileds:" classname="Registration functionality" time="10.593">
    <system-out><![CDATA[
Scenario: Create an account with all fileds:          # src/test/resources/features/Register.feature:15
  ✔ Given User navigates to the Register Account page # stepDefinitions.Register.user_navigates_to_the_register_account_page()
  ✔ When User enters the details into below fields    # stepDefinitions.Register.user_enters_the_details_into_below_fields(io.cucumber.datatable.DataTable)
      | firstname | Hardik     |
      | lastname  | Pancha     |
      | telephone | 1234567890 |
      | password  | 12644      |
  ✔ And User selects Yes for Newsletter               # stepDefinitions.Register.user_selects_yes_for_newsletter()
  ✔ And User selects Privacy Policy                   # stepDefinitions.Register.user_selects_privacy_policy()
  ✔ And User clicks on Continue button                # stepDefinitions.Register.user_clicks_on_continue_button()
  ✔ Then User account should be created successfully  # stepDefinitions.Register.user_account_should_be_created_successfully()

        Embedding Create_an_account_with_all_fileds: [image/png 173970 bytes]

]]></system-out>
    <system-err><![CDATA[Jan 22, 2026 9:48:21 P.M. org.openqa.selenium.devtools.CdpVersionFinder findNearestMatch
WARNING: Unable to find an exact match for CDP version 144, returning the closest version; found: 143; Please update to a Selenium version that supports CDP version 144
]]></system-err>
  </testcase>
  <testcase name="Create a duplicate account" classname="Registration functionality" time="10.402">
    <system-out><![CDATA[
Scenario: Create a duplicate account                                    # src/test/resources/features/Register.feature:27
  ✔ Given User navigates to the Register Account page                   # stepDefinitions.Register.user_navigates_to_the_register_account_page()
  ✔ When User enters the details into below fields with duplicate email # stepDefinitions.Register.user_enters_the_details_into_below_fields_with_duplicate_email(io.cucumber.datatable.DataTable)
      | firstname | Hardik                 |
      | lastname  | Pancha                 |
      | email     | hardikpancha@gmail.com |
      | telephone | 1234567890             |
      | password  | 12644                  |
  ✔ And User selects Privacy Policy                                     # stepDefinitions.Register.user_selects_privacy_policy()
  ✔ And User clicks on Continue button                                  # stepDefinitions.Register.user_clicks_on_continue_button()
  ✔ Then User should get a proper warning about duplicate email         # stepDefinitions.Register.user_should_get_a_proper_warning_about_duplicate_email()

        Embedding Create_a_duplicate_account [image/png 149013 bytes]

]]></system-out>
    <system-err><![CDATA[Jan 22, 2026 9:48:32 P.M. org.openqa.selenium.devtools.CdpVersionFinder findNearestMatch
WARNING: Unable to find an exact match for CDP version 144, returning the closest version; found: 143; Please update to a Selenium version that supports CDP version 144
]]></system-err>
  </testcase>
  <testcase name="Create an account without filling any details" classname="Registration functionality" time="11.253">
    <system-out><![CDATA[
Scenario: Create an account without filling any details                       # src/test/resources/features/Register.feature:39
  ✔ Given User navigates to the Register Account page                         # stepDefinitions.Register.user_navigates_to_the_register_account_page()
  ✔ When User dont enter the details into below fields                        # stepDefinitions.Register.user_dont_enter_the_details_into_below_fields()
  ✔ And User clicks on Continue button                                        # stepDefinitions.Register.user_clicks_on_continue_button()
  ✔ Then User should get a proper warning messages for every mandatory fields # stepDefinitions.Register.user_should_get_a_proper_warning_messages_for_every_mandatory_fields()

        Embedding Create_an_account_without_filling_any_details [image/png 158568 bytes]

]]></system-out>
    <system-err><![CDATA[Jan 22, 2026 9:48:43 P.M. org.openqa.selenium.devtools.CdpVersionFinder findNearestMatch
WARNING: Unable to find an exact match for CDP version 144, returning the closest version; found: 143; Please update to a Selenium version that supports CDP version 144
]]></system-err>
  </testcase>
  <testcase name="User searches for a valid product" classname="Search functionality" time="8.39">
    <system-out><![CDATA[
Scenario: User searches for a valid product                         # src/test/resources/features/Search.feature:3
  ✔ Given User opens the application                                # stepDefinitions.Search.User_opens_the_application()
  ✔ When User enters "HP" into the search box field                 # stepDefinitions.Search.user_enters_into_the_search_box_field(java.lang.String)
  ✔ And User clicks on Search button                                # stepDefinitions.Search.user_clicks_on_search_button()
  ✔ Then User should get valid product dispplayed in search results # stepDefinitions.Search.user_should_get_valid_product_dispplayed_in_search_results()

        Embedding User_searches_for_a_valid_product [image/png 134841 bytes]

]]></system-out>
    <system-err><![CDATA[Jan 22, 2026 9:48:54 P.M. org.openqa.selenium.devtools.CdpVersionFinder findNearestMatch
WARNING: Unable to find an exact match for CDP version 144, returning the closest version; found: 143; Please update to a Selenium version that supports CDP version 144
]]></system-err>
  </testcase>
  <testcase name="User searches for an invalid product" classname="Search functionality" time="7.481">
    <system-out><![CDATA[
Scenario: User searches for an invalid product                         # src/test/resources/features/Search.feature:10
  ✔ Given User opens the application                                   # stepDefinitions.Search.User_opens_the_application()
  ✔ When User enters invalid product "Honda" into the search box field # stepDefinitions.Search.user_enters_invalid_product_into_the_search_box_field(java.lang.String)
  ✔ And User clicks on Search button                                   # stepDefinitions.Search.user_clicks_on_search_button()
  ✔ Then User should get a message about no product matching           # stepDefinitions.Search.user_should_get_a_message_about_no_product_matching()

        Embedding User_searches_for_an_invalid_product [image/png 132552 bytes]

]]></system-out>
    <system-err><![CDATA[Jan 22, 2026 9:49:02 P.M. org.openqa.selenium.devtools.CdpVersionFinder findNearestMatch
WARNING: Unable to find an exact match for CDP version 144, returning the closest version; found: 143; Please update to a Selenium version that supports CDP version 144
]]></system-err>
  </testcase>
  <testcase name="User searches without any product" classname="Search functionality" time="6.422">
    <system-out><![CDATA[
Scenario: User searches without any product                        # src/test/resources/features/Search.feature:16
  ✔ Given User opens the application                               # stepDefinitions.Search.User_opens_the_application()
  ✔ When User dont enter any product name into the searchbox field # stepDefinitions.Search.user_dont_enter_any_product_name_into_the_searchbox_field()
  ✔ And User clicks on Search button                               # stepDefinitions.Search.user_clicks_on_search_button()
  ✔ Then User should get a message about no product matching       # stepDefinitions.Search.user_should_get_a_message_about_no_product_matching()

        Embedding User_searches_without_any_product [image/png 130422 bytes]

]]></system-out>
    <system-err><![CDATA[Jan 22, 2026 9:49:10 P.M. org.openqa.selenium.devtools.CdpVersionFinder findNearestMatch
WARNING: Unable to find an exact match for CDP version 144, returning the closest version; found: 143; Please update to a Selenium version that supports CDP version 144
]]></system-err>
  </testcase>
</testsuite>