<?xml version="1.0" encoding="UTF-8"?>
<testng-results ignored="0" total="12" passed="12" failed="0" skipped="0">
  <reporter-output>
  </reporter-output>
  <suite started-at="2026-03-22T02:23:23 EDT" name="Suite" finished-at="2026-03-22T02:25:53 EDT" duration-ms="150285">
    <groups>
      <group name="cucumber">
        <method signature="AbstractTestNGCucumberTests.runScenario(io.cucumber.testng.PickleWrapper,io.cucumber.testng.FeatureWrapper)[pri:0, instance:runner.TestRunner@7e6f74c]" name="runScenario" class="io.cucumber.testng.AbstractTestNGCucumberTests"/>
      </group> <!-- cucumber -->
    </groups>
    <test started-at="2026-03-22T02:23:23 EDT" name="Cucumber Tests" finished-at="2026-03-22T02:25:53 EDT" duration-ms="150285">
      <class name="runner.TestRunner">
        <test-method is-config="true" signature="setUpClass(org.testng.ITestContext)[pri:0, instance:runner.TestRunner@7e6f74c]" started-at="2026-03-22T02:23:23 EDT" name="setUpClass" finished-at="2026-03-22T02:23:25 EDT" duration-ms="1872" status="PASS">
          <params>
            <param index="0">
              <value>
                <![CDATA[org.testng.TestRunner@467a2584]]>
              </value>
            </param>
          </params>
          <reporter-output>
          </reporter-output>
        </test-method> <!-- setUpClass -->
        <test-method signature="runScenario(io.cucumber.testng.PickleWrapper,io.cucumber.testng.FeatureWrapper)[pri:0, instance:runner.TestRunner@7e6f74c]" started-at="2026-03-22T02:23:25 EDT" name="runScenario" description="Runs Cucumber Scenarios" data-provider="scenarios" finished-at="2026-03-22T02:23:38 EDT" duration-ms="13692" status="PASS">
          <params>
            <param index="0">
              <value>
                <![CDATA["Login with valid credentials"]]>
              </value>
            </param>
            <param index="1">
              <value>
                <![CDATA["Login Functionality"]]>
              </value>
            </param>
          </params>
          <reporter-output>
          </reporter-output>
        </test-method> <!-- runScenario -->
        <test-method signature="runScenario(io.cucumber.testng.PickleWrapper,io.cucumber.testng.FeatureWrapper)[pri:0, instance:runner.TestRunner@7e6f74c]" started-at="2026-03-22T02:23:38 EDT" name="runScenario" description="Runs Cucumber Scenarios" data-provider="scenarios" finished-at="2026-03-22T02:23:53 EDT" duration-ms="14828" status="PASS">
          <params>
            <param index="0">
              <value>
                <![CDATA["Login with valid credentials"]]>
              </value>
            </param>
            <param index="1">
              <value>
                <![CDATA["Login Functionality"]]>
              </value>
            </param>
          </params>
          <reporter-output>
          </reporter-output>
        </test-method> <!-- runScenario -->
        <test-method signature="runScenario(io.cucumber.testng.PickleWrapper,io.cucumber.testng.FeatureWrapper)[pri:0, instance:runner.TestRunner@7e6f74c]" started-at="2026-03-22T02:23:53 EDT" name="runScenario" description="Runs Cucumber Scenarios" data-provider="scenarios" finished-at="2026-03-22T02:24:02 EDT" duration-ms="8618" status="PASS">
          <params>
            <param index="0">
              <value>
                <![CDATA["Login with invalid credentials"]]>
              </value>
            </param>
            <param index="1">
              <value>
                <![CDATA["Login Functionality"]]>
              </value>
            </param>
          </params>
          <reporter-output>
          </reporter-output>
        </test-method> <!-- runScenario -->
        <test-method signature="runScenario(io.cucumber.testng.PickleWrapper,io.cucumber.testng.FeatureWrapper)[pri:0, instance:runner.TestRunner@7e6f74c]" started-at="2026-03-22T02:24:02 EDT" name="runScenario" description="Runs Cucumber Scenarios" data-provider="scenarios" finished-at="2026-03-22T02:24:11 EDT" duration-ms="9462" status="PASS">
          <params>
            <param index="0">
              <value>
                <![CDATA["Login with valid email and invalid password"]]>
              </value>
            </param>
            <param index="1">
              <value>
                <![CDATA["Login Functionality"]]>
              </value>
            </param>
          </params>
          <reporter-output>
          </reporter-output>
        </test-method> <!-- runScenario -->
        <test-method signature="runScenario(io.cucumber.testng.PickleWrapper,io.cucumber.testng.FeatureWrapper)[pri:0, instance:runner.TestRunner@7e6f74c]" started-at="2026-03-22T02:24:11 EDT" name="runScenario" description="Runs Cucumber Scenarios" data-provider="scenarios" finished-at="2026-03-22T02:24:28 EDT" duration-ms="17080" status="PASS">
          <params>
            <param index="0">
              <value>
                <![CDATA["Login with invalid email and valid password"]]>
              </value>
            </param>
            <param index="1">
              <value>
                <![CDATA["Login Functionality"]]>
              </value>
            </param>
          </params>
          <reporter-output>
          </reporter-output>
        </test-method> <!-- runScenario -->
        <test-method signature="runScenario(io.cucumber.testng.PickleWrapper,io.cucumber.testng.FeatureWrapper)[pri:0, instance:runner.TestRunner@7e6f74c]" started-at="2026-03-22T02:24:28 EDT" name="runScenario" description="Runs Cucumber Scenarios" data-provider="scenarios" finished-at="2026-03-22T02:24:45 EDT" duration-ms="16659" status="PASS">
          <params>
            <param index="0">
              <value>
                <![CDATA["Create an account with mandatory fileds:"]]>
              </value>
            </param>
            <param index="1">
              <value>
                <![CDATA["Registration functionality"]]>
              </value>
            </param>
          </params>
          <reporter-output>
          </reporter-output>
        </test-method> <!-- runScenario -->
        <test-method signature="runScenario(io.cucumber.testng.PickleWrapper,io.cucumber.testng.FeatureWrapper)[pri:0, instance:runner.TestRunner@7e6f74c]" started-at="2026-03-22T02:24:45 EDT" name="runScenario" description="Runs Cucumber Scenarios" data-provider="scenarios" finished-at="2026-03-22T02:24:59 EDT" duration-ms="14192" status="PASS">
          <params>
            <param index="0">
              <value>
                <![CDATA["Create an account with all fileds:"]]>
              </value>
            </param>
            <param index="1">
              <value>
                <![CDATA["Registration functionality"]]>
              </value>
            </param>
          </params>
          <reporter-output>
          </reporter-output>
        </test-method> <!-- runScenario -->
        <test-method signature="runScenario(io.cucumber.testng.PickleWrapper,io.cucumber.testng.FeatureWrapper)[pri:0, instance:runner.TestRunner@7e6f74c]" started-at="2026-03-22T02:24:59 EDT" name="runScenario" description="Runs Cucumber Scenarios" data-provider="scenarios" finished-at="2026-03-22T02:25:14 EDT" duration-ms="14492" status="PASS">
          <params>
            <param index="0">
              <value>
                <![CDATA["Create a duplicate account"]]>
              </value>
            </param>
            <param index="1">
              <value>
                <![CDATA["Registration functionality"]]>
              </value>
            </param>
          </params>
          <reporter-output>
          </reporter-output>
        </test-method> <!-- runScenario -->
        <test-method signature="runScenario(io.cucumber.testng.PickleWrapper,io.cucumber.testng.FeatureWrapper)[pri:0, instance:runner.TestRunner@7e6f74c]" started-at="2026-03-22T02:25:14 EDT" name="runScenario" description="Runs Cucumber Scenarios" data-provider="scenarios" finished-at="2026-03-22T02:25:26 EDT" duration-ms="12658" status="PASS">
          <params>
            <param index="0">
              <value>
                <![CDATA["Create an account without filling any details"]]>
              </value>
            </param>
            <param index="1">
              <value>
                <![CDATA["Registration functionality"]]>
              </value>
            </param>
          </params>
          <reporter-output>
          </reporter-output>
        </test-method> <!-- runScenario -->
        <test-method signature="runScenario(io.cucumber.testng.PickleWrapper,io.cucumber.testng.FeatureWrapper)[pri:0, instance:runner.TestRunner@7e6f74c]" started-at="2026-03-22T02:25:26 EDT" name="runScenario" description="Runs Cucumber Scenarios" data-provider="scenarios" finished-at="2026-03-22T02:25:34 EDT" duration-ms="7663" status="PASS">
          <params>
            <param index="0">
              <value>
                <![CDATA["User searches for a valid product"]]>
              </value>
            </param>
            <param index="1">
              <value>
                <![CDATA["Search functionality"]]>
              </value>
            </param>
          </params>
          <reporter-output>
          </reporter-output>
        </test-method> <!-- runScenario -->
        <test-method signature="runScenario(io.cucumber.testng.PickleWrapper,io.cucumber.testng.FeatureWrapper)[pri:0, instance:runner.TestRunner@7e6f74c]" started-at="2026-03-22T02:25:34 EDT" name="runScenario" description="Runs Cucumber Scenarios" data-provider="scenarios" finished-at="2026-03-22T02:25:42 EDT" duration-ms="8424" status="PASS">
          <params>
            <param index="0">
              <value>
                <![CDATA["User searches for an invalid product"]]>
              </value>
            </param>
            <param index="1">
              <value>
                <![CDATA["Search functionality"]]>
              </value>
            </param>
          </params>
          <reporter-output>
          </reporter-output>
        </test-method> <!-- runScenario -->
        <test-method signature="runScenario(io.cucumber.testng.PickleWrapper,io.cucumber.testng.FeatureWrapper)[pri:0, instance:runner.TestRunner@7e6f74c]" started-at="2026-03-22T02:25:42 EDT" name="runScenario" description="Runs Cucumber Scenarios" data-provider="scenarios" finished-at="2026-03-22T02:25:52 EDT" duration-ms="10103" status="PASS">
          <params>
            <param index="0">
              <value>
                <![CDATA["User searches without any product"]]>
              </value>
            </param>
            <param index="1">
              <value>
                <![CDATA["Search functionality"]]>
              </value>
            </param>
          </params>
          <reporter-output>
          </reporter-output>
        </test-method> <!-- runScenario -->
        <test-method is-config="true" signature="tearDownClass()[pri:0, instance:runner.TestRunner@7e6f74c]" started-at="2026-03-22T02:25:52 EDT" name="tearDownClass" finished-at="2026-03-22T02:25:53 EDT" duration-ms="341" status="PASS">
          <reporter-output>
          </reporter-output>
        </test-method> <!-- tearDownClass -->
      </class> <!-- runner.TestRunner -->
    </test> <!-- Cucumber Tests -->
  </suite> <!-- Suite -->
</testng-results>
