<?xml version="1.0" encoding="UTF-8"?>
<!-- Generated by org.testng.reporters.JUnitReportReporter -->
<testsuite hostname="Hardiks-MacBook-Pro.local" failures="0" tests="12" name="runner.TestRunner" time="147.871" errors="0" timestamp="2026-03-22T02:25:53 EDT" skipped="0">
  <testcase classname="runner.TestRunner" name="runScenario" time="8.618"/>
  <testcase classname="runner.TestRunner" name="runScenario" time="8.424"/>
  <testcase classname="runner.TestRunner" name="runScenario" time="16.659"/>
  <testcase classname="runner.TestRunner" name="runScenario" time="12.658"/>
  <testcase classname="runner.TestRunner" name="runScenario" time="9.462"/>
  <testcase classname="runner.TestRunner" name="runScenario" time="17.080"/>
  <testcase classname="runner.TestRunner" name="runScenario" time="13.692"/>
  <testcase classname="runner.TestRunner" name="runScenario" time="7.663"/>
  <testcase classname="runner.TestRunner" name="runScenario" time="14.192"/>
  <testcase classname="runner.TestRunner" name="runScenario" time="14.828"/>
  <testcase classname="runner.TestRunner" name="runScenario" time="10.103"/>
  <testcase classname="runner.TestRunner" name="runScenario" time="14.492"/>
</testsuite> <!-- runner.TestRunner -->
