<?xml version="1.0" encoding="UTF-8"?>
<!-- Generated by org.testng.reporters.JUnitReportReporter -->
<testsuite hostname="Hardiks-MacBook-Pro.local" failures="0" tests="12" name="runner.TestRunner" time="112.595" errors="0" timestamp="2026-03-22T01:37:40 EDT" skipped="0">
  <testcase classname="runner.TestRunner" name="runScenario" time="6.052"/>
  <testcase classname="runner.TestRunner" name="runScenario" time="7.706"/>
  <testcase classname="runner.TestRunner" name="runScenario" time="7.036"/>
  <testcase classname="runner.TestRunner" name="runScenario" time="9.651"/>
  <testcase classname="runner.TestRunner" name="runScenario" time="8.201"/>
  <testcase classname="runner.TestRunner" name="runScenario" time="10.367"/>
  <testcase classname="runner.TestRunner" name="runScenario" time="8.356"/>
  <testcase classname="runner.TestRunner" name="runScenario" time="12.602"/>
  <testcase classname="runner.TestRunner" name="runScenario" time="10.349"/>
  <testcase classname="runner.TestRunner" name="runScenario" time="9.670"/>
  <testcase classname="runner.TestRunner" name="runScenario" time="14.451"/>
  <testcase classname="runner.TestRunner" name="runScenario" time="8.154"/>
</testsuite> <!-- runner.TestRunner -->
